<?xml version="1.0" encoding="UTF-8"?>
<testsuite name="com.cpifp.alanturing.holamundo.HolamundoApplicationTests" tests="1" skipped="0" failures="0" errors="0" timestamp="2024-02-13T19:52:43" hostname="Arkangel.local" time="0.425">
  <properties/>
  <testcase name="contextLoads()" classname="com.cpifp.alanturing.holamundo.HolamundoApplicationTests" time="0.425"/>
  <system-out><![CDATA[20:52:42.812 [Test worker] INFO org.springframework.test.context.support.AnnotationConfigContextLoaderUtils -- Could not detect default configuration classes for test class [com.cpifp.alanturing.holamundo.HolamundoApplicationTests]: HolamundoApplicationTests does not declare any static, non-private, non-final, nested classes annotated with @Configuration.
20:52:42.862 [Test worker] INFO org.springframework.boot.test.context.SpringBootTestContextBootstrapper -- Found @SpringBootConfiguration com.cpifp.alanturing.holamundo.HolamundoApplication for test class com.cpifp.alanturing.holamundo.HolamundoApplicationTests

  .   ____          _            __ _ _
 /\\ / ___'_ __ _ _(_)_ __  __ _ \ \ \ \
( ( )\___ | '_ | '_| | '_ \/ _` | \ \ \ \
 \\/  ___)| |_)| | | | | || (_| |  ) ) ) )
  '  |____| .__|_| |_|_| |_\__, | / / / /
 =========|_|==============|___/=/_/_/_/
 :: Spring Boot ::                (v3.2.1)

2024-02-13T20:52:43.023+01:00  INFO 70760 --- [    Test worker] c.c.a.h.HolamundoApplicationTests        : Starting HolamundoApplicationTests using Java 17.0.4.1 with PID 70760 (started by arkangel in /Users/arkangel/GradoDAWMAC/RepoGitHub/holamundo)
2024-02-13T20:52:43.024+01:00  INFO 70760 --- [    Test worker] c.c.a.h.HolamundoApplicationTests        : No active profile set, falling back to 1 default profile: "default"
2024-02-13T20:52:43.364+01:00  INFO 70760 --- [    Test worker] o.s.b.a.w.s.WelcomePageHandlerMapping    : Adding welcome page: class path resource [static/index.html]
2024-02-13T20:52:43.458+01:00  INFO 70760 --- [    Test worker] c.c.a.h.HolamundoApplicationTests        : Started HolamundoApplicationTests in 0.529 seconds (process running for 1.073)
]]></system-out>
  <system-err><![CDATA[]]></system-err>
</testsuite>
