<?xml version="1.0" encoding="UTF-8"?>
<testsuite name="com.cpifp.alanturing.holamundo.domain.HelloTest" tests="2" skipped="0" failures="0" errors="0" timestamp="2024-02-13T19:52:42" hostname="Arkangel.local" time="0.008">
  <properties/>
  <testcase name="testSetGreeting()" classname="com.cpifp.alanturing.holamundo.domain.HelloTest" time="0.005"/>
  <testcase name="testGetGreeting()" classname="com.cpifp.alanturing.holamundo.domain.HelloTest" time="0.003"/>
  <system-out><![CDATA[]]></system-out>
  <system-err><![CDATA[]]></system-err>
</testsuite>
